[LOG] System::create                           : Header version = 2.01.07. Current version = 2.01.07.
[LOG] Manager::init                            : maxchannels = 256 studioflags = 00000006 flags 00000000 extradriverdata 0000000000000000.
[LOG] SystemI::init                            : Initialize version=20107 (113487), maxchannels=256, flags=0x00020000
[LOG] SystemI::setOutputInternal               : Setting output to 'FMOD WASAPI Output'
[LOG] OutputWASAPI::init                       : Mix Format (WAVEFORMATEX): wFormatTag=0xFFFE, nChannels=2, nSamplesPerSec=48000, nAvgBytesPerSec=384000, nBlockAlign=8, wBitsPerSample=32, cbSize=22.
[LOG] OutputWASAPI::init                       : Mix Format (WAVEFORMATEXTENSIBLE): wValidBitsPerSample=32, dwChannelMask=0x00000003, SubFormat=00000003-0000-0010-8000-00AA00389B71.
[LOG] OutputWASAPI::init                       : Output buffer size: 4096 samples, latency: 0.00ms, period: 10.00ms, DSP buffer: 1024 * 4
[LOG] Thread::initThread                       : Init FMOD stream thread. Affinity: 0x8000000000000003, Priority: 0xFFFF7FFB, Stack Size: 98304, Semaphore: No, Sleep Time: 10, Looping: Yes.
[LOG] Thread::initThread                       : Init FMOD mixer thread. Affinity: 0x8000000000000001, Priority: 0xFFFF7FFA, Stack Size: 81920, Semaphore: No, Sleep Time: 0, Looping: Yes.
[LOG] AsyncManager::init                       : manager 0000024F6072A8F8 isAsync 0 updatePeriod 0.02
[LOG] AsyncManager::init                       : done
[LOG] PlaybackSystem::init                     : 
[LOG] Thread::initThread                       : Init FMOD Studio sample load thread. Affinity: 0x8000000000000003, Priority: 0xFFFF7FFD, Stack Size: 98304, Semaphore: No, Sleep Time: 1, Looping: No.
[LOG] PlaybackSystem::init                     : done
[LOG] Thread::initThread                       : Init FMOD Studio bank load thread. Affinity: 0x8000000000000003, Priority: 0xFFFF7FFD, Stack Size: 98304, Semaphore: No, Sleep Time: 1, Looping: No.
[LOG] Manager::init                            : done.
[LOG] Manager::readBank                        : fileversion = 135, compatVersion = 132 (oldest = 44, newest = 135)
[LOG] SoundI::release                          : SFX_WoodSurface_loop (0000024F606C2778)
[LOG] SoundI::release                          :     SFX_WoodSurface_loop (0000024FA85870F8)
[LOG] SoundI::release                          :     SFX_WoodSurface_loop (0000024F606C2928)
[LOG] SystemI::createSound                     : filename = FMOD190Project\jam190\Build\Desktop/Master.bank : mode 02010082
[LOG] SystemI::createSound                     : FMOD_NONBLOCKING specified.  Putting into queue to be opened asynchronously!
[LOG] SystemI::createSound                     : setdata soundi = 0000024FF50B06C8 : node = 0000024F611754E0
[LOG] SystemI::createSound                     : add node to async list : head = 0000025040234008.  list count = 0
[LOG] AsyncThread::threadFunc                  : Starting Asynchronous operation on sound 0000024FF50B06C8
[LOG] SystemI::createSoundInternal             :     Create name='FMOD190Project\jam190\Build\Desktop/Master.bank', mode=0x02010082
[LOG] SystemI::createSoundInternal             :     exinfo->cbsize             = 224
[LOG] SystemI::createSoundInternal             :     exinfo->length             = 2899968
[LOG] SystemI::createSoundInternal             :     exinfo->fileoffset         = 28608
[LOG] SystemI::createSoundInternal             :     exinfo->numsubsounds       = 1
[LOG] SystemI::createSoundInternal             :     exinfo->inclusionlist      = 0000024F611755F0
[LOG] SystemI::createSoundInternal             :     exinfo->inclusionlistnum   = 1
[LOG] SystemI::createSoundInternal             :     exinfo->suggestedsoundtype = 5
[LOG] SystemI::createSoundInternal             :     exinfo->initialseekpostype = 1
[LOG] SystemI::createSoundInternal             :     Stream 0/1: name='SFX_WoodSurface_loop', format=5, channels=2, frequency=48000, lengthbytes=163968, lengthpcm=828000, pcmblocksize=0, loopstart=0, loopend=0, mode=0x00000000, channelmask=0x00000000, channelorder=0, peakvolume=0.126559.
[LOG] AsyncThread::threadFunc                  : Finished Asynchronous operation on sound 0000024FF50B06C8
[LOG] SoundI::release                          : SFX_WoodSurface_loop (0000024FF50AFCA8)
[LOG] SoundI::release                          :     SFX_WoodSurface_loop (0000024FA8588FD8)
[LOG] SoundI::release                          :     SFX_WoodSurface_loop (0000024FF50B0008)
[LOG] SystemI::createSound                     : filename = FMOD190Project\jam190\Build\Desktop/Master.bank : mode 02010082
[LOG] SystemI::createSound                     : FMOD_NONBLOCKING specified.  Putting into queue to be opened asynchronously!
[LOG] SystemI::createSound                     : setdata soundi = 0000024FB0623948 : node = 0000024FAA5CE5E0
[LOG] SystemI::createSound                     : add node to async list : head = 0000025040234008.  list count = 0
[LOG] AsyncThread::threadFunc                  : Starting Asynchronous operation on sound 0000024FB0623948
[LOG] SystemI::createSoundInternal             :     Create name='FMOD190Project\jam190\Build\Desktop/Master.bank', mode=0x02010082
[LOG] SystemI::createSoundInternal             :     exinfo->cbsize             = 224
[LOG] SystemI::createSoundInternal             :     exinfo->length             = 2899968
[LOG] SystemI::createSoundInternal             :     exinfo->fileoffset         = 28608
[LOG] SystemI::createSoundInternal             :     exinfo->numsubsounds       = 1
[LOG] SystemI::createSoundInternal             :     exinfo->inclusionlist      = 0000024FAA5CE6F0
[LOG] SystemI::createSoundInternal             :     exinfo->inclusionlistnum   = 1
[LOG] SystemI::createSoundInternal             :     exinfo->suggestedsoundtype = 5
[LOG] SystemI::createSoundInternal             :     exinfo->initialseekpostype = 1
[LOG] SystemI::createSoundInternal             :     Stream 0/1: name='SFX_WoodSurface_loop', format=5, channels=2, frequency=48000, lengthbytes=163968, lengthpcm=828000, pcmblocksize=0, loopstart=0, loopend=0, mode=0x00000000, channelmask=0x00000000, channelorder=0, peakvolume=0.126559.
[LOG] AsyncThread::threadFunc                  : Finished Asynchronous operation on sound 0000024FB0623948
[LOG] SoundI::release                          : SFX_WoodSurface_loop (0000024FF50B06C8)
[LOG] SoundI::release                          :     SFX_WoodSurface_loop (0000024FA858A9D8)
[LOG] SoundI::release                          :     SFX_WoodSurface_loop (0000024F606C2418)
[LOG] SystemI::createSound                     : filename = FMOD190Project\jam190\Build\Desktop/Master.bank : mode 02010082
[LOG] SystemI::createSound                     : FMOD_NONBLOCKING specified.  Putting into queue to be opened asynchronously!
[LOG] SystemI::createSound                     : setdata soundi = 0000024FF50B0368 : node = 0000024FAA5CE860
[LOG] SystemI::createSound                     : add node to async list : head = 0000025040234008.  list count = 0
[LOG] AsyncThread::threadFunc                  : Starting Asynchronous operation on sound 0000024FF50B0368
[LOG] SystemI::createSoundInternal             :     Create name='FMOD190Project\jam190\Build\Desktop/Master.bank', mode=0x02010082
[LOG] SystemI::createSoundInternal             :     exinfo->cbsize             = 224
[LOG] SystemI::createSoundInternal             :     exinfo->length             = 2899968
[LOG] SystemI::createSoundInternal             :     exinfo->fileoffset         = 28608
[LOG] SystemI::createSoundInternal             :     exinfo->numsubsounds       = 1
[LOG] SystemI::createSoundInternal             :     exinfo->inclusionlist      = 0000024FAA5CE970
[LOG] SystemI::createSoundInternal             :     exinfo->inclusionlistnum   = 1
[LOG] SystemI::createSoundInternal             :     exinfo->suggestedsoundtype = 5
[LOG] SystemI::createSoundInternal             :     exinfo->initialseekpostype = 1
[LOG] SystemI::createSoundInternal             :     Stream 0/1: name='SFX_WoodSurface_loop', format=5, channels=2, frequency=48000, lengthbytes=163968, lengthpcm=828000, pcmblocksize=0, loopstart=0, loopend=0, mode=0x00000000, channelmask=0x00000000, channelorder=0, peakvolume=0.126559.
[LOG] AsyncThread::threadFunc                  : Finished Asynchronous operation on sound 0000024FF50B0368
[LOG] SoundI::release                          : SFX_WoodSurface_loop (0000024FB0623948)
[LOG] SoundI::release                          :     SFX_WoodSurface_loop (0000024FA85882D8)
[LOG] SoundI::release                          :     SFX_WoodSurface_loop (0000024FB0623CA8)
[LOG] SystemI::createSound                     : filename = FMOD190Project\jam190\Build\Desktop/Master.bank : mode 02010082
[LOG] SystemI::createSound                     : FMOD_NONBLOCKING specified.  Putting into queue to be opened asynchronously!
[LOG] SystemI::createSound                     : setdata soundi = 0000024FF50B0008 : node = 0000024F61175B20
[LOG] SystemI::createSound                     : add node to async list : head = 0000025040234008.  list count = 0
[LOG] AsyncThread::threadFunc                  : Starting Asynchronous operation on sound 0000024FF50B0008
[LOG] SystemI::createSoundInternal             :     Create name='FMOD190Project\jam190\Build\Desktop/Master.bank', mode=0x02010082
[LOG] SystemI::createSoundInternal             :     exinfo->cbsize             = 224
[LOG] SystemI::createSoundInternal             :     exinfo->length             = 2899968
[LOG] SystemI::createSoundInternal             :     exinfo->fileoffset         = 28608
[LOG] SystemI::createSoundInternal             :     exinfo->numsubsounds       = 1
[LOG] SystemI::createSoundInternal             :     exinfo->inclusionlist      = 0000024F61175C30
[LOG] SystemI::createSoundInternal             :     exinfo->inclusionlistnum   = 1
[LOG] SystemI::createSoundInternal             :     exinfo->suggestedsoundtype = 5
[LOG] SystemI::createSoundInternal             :     exinfo->initialseekpostype = 1
[LOG] SystemI::createSoundInternal             :     Stream 0/1: name='SFX_WoodSurface_loop', format=5, channels=2, frequency=48000, lengthbytes=163968, lengthpcm=828000, pcmblocksize=0, loopstart=0, loopend=0, mode=0x00000000, channelmask=0x00000000, channelorder=0, peakvolume=0.126559.
[LOG] AsyncThread::threadFunc                  : Finished Asynchronous operation on sound 0000024FF50B0008
[LOG] SoundI::release                          : SFX_WoodSurface_loop (0000024FF50B0368)
[LOG] SoundI::release                          :     SFX_WoodSurface_loop (0000024FA858A9D8)
[LOG] SoundI::release                          :     SFX_WoodSurface_loop (0000024FF50B0A28)
[LOG] SystemI::createSound                     : filename = FMOD190Project\jam190\Build\Desktop/Master.bank : mode 02010082
[LOG] SystemI::createSound                     : FMOD_NONBLOCKING specified.  Putting into queue to be opened asynchronously!
[LOG] SystemI::createSound                     : setdata soundi = 0000024FB0623CA8 : node = 0000024F611754E0
[LOG] SystemI::createSound                     : add node to async list : head = 0000025040234008.  list count = 0
[LOG] AsyncThread::threadFunc                  : Starting Asynchronous operation on sound 0000024FB0623CA8
[LOG] SystemI::createSoundInternal             :     Create name='FMOD190Project\jam190\Build\Desktop/Master.bank', mode=0x02010082
[LOG] SystemI::createSoundInternal             :     exinfo->cbsize             = 224
[LOG] SystemI::createSoundInternal             :     exinfo->length             = 2899968
[LOG] SystemI::createSoundInternal             :     exinfo->fileoffset         = 28608
[LOG] SystemI::createSoundInternal             :     exinfo->numsubsounds       = 1
[LOG] SystemI::createSoundInternal             :     exinfo->inclusionlist      = 0000024F611755F0
[LOG] SystemI::createSoundInternal             :     exinfo->inclusionlistnum   = 1
[LOG] SystemI::createSoundInternal             :     exinfo->suggestedsoundtype = 5
[LOG] SystemI::createSoundInternal             :     exinfo->initialseekpostype = 1
[LOG] SystemI::createSoundInternal             :     Stream 0/1: name='SFX_WoodSurface_loop', format=5, channels=2, frequency=48000, lengthbytes=163968, lengthpcm=828000, pcmblocksize=0, loopstart=0, loopend=0, mode=0x00000000, channelmask=0x00000000, channelorder=0, peakvolume=0.126559.
[LOG] AsyncThread::threadFunc                  : Finished Asynchronous operation on sound 0000024FB0623CA8
[LOG] SoundI::release                          : SFX_WoodSurface_loop (0000024FF50B0008)
[LOG] SoundI::release                          :     SFX_WoodSurface_loop (0000024FA85870F8)
[LOG] SoundI::release                          :     SFX_WoodSurface_loop (0000024F606C2928)
[LOG] SystemI::createSound                     : filename = FMOD190Project\jam190\Build\Desktop/Master.bank : mode 02010082
[LOG] SystemI::createSound                     : FMOD_NONBLOCKING specified.  Putting into queue to be opened asynchronously!
[LOG] SystemI::createSound                     : setdata soundi = 0000024FF50B0A28 : node = 0000024FAA5CE860
[LOG] SystemI::createSound                     : add node to async list : head = 0000025040234008.  list count = 0
[LOG] AsyncThread::threadFunc                  : Starting Asynchronous operation on sound 0000024FF50B0A28
[LOG] SystemI::createSoundInternal             :     Create name='FMOD190Project\jam190\Build\Desktop/Master.bank', mode=0x02010082
[LOG] SystemI::createSoundInternal             :     exinfo->cbsize             = 224
[LOG] SystemI::createSoundInternal             :     exinfo->length             = 2899968
[LOG] SystemI::createSoundInternal             :     exinfo->fileoffset         = 28608
[LOG] SystemI::createSoundInternal             :     exinfo->numsubsounds       = 1
[LOG] SystemI::createSoundInternal             :     exinfo->inclusionlist      = 0000024FAA5CE970
[LOG] SystemI::createSoundInternal             :     exinfo->inclusionlistnum   = 1
[LOG] SystemI::createSoundInternal             :     exinfo->suggestedsoundtype = 5
[LOG] SystemI::createSoundInternal             :     exinfo->initialseekpostype = 1
[LOG] SystemI::createSoundInternal             :     Stream 0/1: name='SFX_WoodSurface_loop', format=5, channels=2, frequency=48000, lengthbytes=163968, lengthpcm=828000, pcmblocksize=0, loopstart=0, loopend=0, mode=0x00000000, channelmask=0x00000000, channelorder=0, peakvolume=0.126559.
[LOG] AsyncThread::threadFunc                  : Finished Asynchronous operation on sound 0000024FF50B0A28
[LOG] SoundI::release                          : SFX_WoodSurface_loop (0000024FB0623CA8)
[LOG] SoundI::release                          :     SFX_WoodSurface_loop (0000024FA85882D8)
[LOG] SoundI::release                          :     SFX_WoodSurface_loop (0000024FB0623E58)
[LOG] SystemI::createSound                     : filename = FMOD190Project\jam190\Build\Desktop/Master.bank : mode 02010082
[LOG] SystemI::createSound                     : FMOD_NONBLOCKING specified.  Putting into queue to be opened asynchronously!
[LOG] SystemI::createSound                     : setdata soundi = 0000024FB0623948 : node = 0000024FAA5CE5E0
[LOG] SystemI::createSound                     : add node to async list : head = 0000025040234008.  list count = 0
[LOG] AsyncThread::threadFunc                  : Starting Asynchronous operation on sound 0000024FB0623948
[LOG] SystemI::createSoundInternal             :     Create name='FMOD190Project\jam190\Build\Desktop/Master.bank', mode=0x02010082
[LOG] SystemI::createSoundInternal             :     exinfo->cbsize             = 224
[LOG] SystemI::createSoundInternal             :     exinfo->length             = 2899968
[LOG] SystemI::createSoundInternal             :     exinfo->fileoffset         = 28608
[LOG] SystemI::createSoundInternal             :     exinfo->numsubsounds       = 1
[LOG] SystemI::createSoundInternal             :     exinfo->inclusionlist      = 0000024FAA5CE6F0
[LOG] SystemI::createSoundInternal             :     exinfo->inclusionlistnum   = 1
[LOG] SystemI::createSoundInternal             :     exinfo->suggestedsoundtype = 5
[LOG] SystemI::createSoundInternal             :     exinfo->initialseekpostype = 1
[LOG] SystemI::createSoundInternal             :     Stream 0/1: name='SFX_WoodSurface_loop', format=5, channels=2, frequency=48000, lengthbytes=163968, lengthpcm=828000, pcmblocksize=0, loopstart=0, loopend=0, mode=0x00000000, channelmask=0x00000000, channelorder=0, peakvolume=0.126559.
[LOG] AsyncThread::threadFunc                  : Finished Asynchronous operation on sound 0000024FB0623948
[LOG] SoundI::release                          : SFX_WoodSurface_loop (0000024FF50B0A28)
[LOG] SoundI::release                          :     SFX_WoodSurface_loop (0000024FA8588618)
[LOG] SoundI::release                          :     SFX_WoodSurface_loop (0000024FF50AFCA8)
[LOG] SystemI::createSound                     : filename = FMOD190Project\jam190\Build\Desktop/Master.bank : mode 02010082
[LOG] SystemI::createSound                     : FMOD_NONBLOCKING specified.  Putting into queue to be opened asynchronously!
[LOG] SystemI::createSound                     : setdata soundi = 0000024F606C2928 : node = 0000024F611754E0
[LOG] SystemI::createSound                     : add node to async list : head = 0000025040234008.  list count = 0
[LOG] AsyncThread::threadFunc                  : Starting Asynchronous operation on sound 0000024F606C2928
[LOG] SystemI::createSoundInternal             :     Create name='FMOD190Project\jam190\Build\Desktop/Master.bank', mode=0x02010082
[LOG] SystemI::createSoundInternal             :     exinfo->cbsize             = 224
[LOG] SystemI::createSoundInternal             :     exinfo->length             = 2899968
[LOG] SystemI::createSoundInternal             :     exinfo->fileoffset         = 28608
[LOG] SystemI::createSoundInternal             :     exinfo->numsubsounds       = 1
[LOG] SystemI::createSoundInternal             :     exinfo->inclusionlist      = 0000024F611755F0
[LOG] SystemI::createSoundInternal             :     exinfo->inclusionlistnum   = 1
[LOG] SystemI::createSoundInternal             :     exinfo->suggestedsoundtype = 5
[LOG] SystemI::createSoundInternal             :     exinfo->initialseekpostype = 1
[LOG] SystemI::createSoundInternal             :     Stream 0/1: name='SFX_WoodSurface_loop', format=5, channels=2, frequency=48000, lengthbytes=163968, lengthpcm=828000, pcmblocksize=0, loopstart=0, loopend=0, mode=0x00000000, channelmask=0x00000000, channelorder=0, peakvolume=0.126559.
[LOG] AsyncThread::threadFunc                  : Finished Asynchronous operation on sound 0000024F606C2928
[LOG] SoundI::release                          : SFX_WoodSurface_loop (0000024FB0623948)
[LOG] SoundI::release                          :     SFX_WoodSurface_loop (0000024FA85870F8)
[LOG] SoundI::release                          :     SFX_WoodSurface_loop (0000024FB0623CA8)
[LOG] SystemI::createSound                     : filename = FMOD190Project\jam190\Build\Desktop/Master.bank : mode 02010082
[LOG] SystemI::createSound                     : FMOD_NONBLOCKING specified.  Putting into queue to be opened asynchronously!
[LOG] SystemI::createSound                     : setdata soundi = 0000024FF50B0A28 : node = 0000024FAA5CE860
[LOG] SystemI::createSound                     : add node to async list : head = 0000025040234008.  list count = 0
[LOG] AsyncThread::threadFunc                  : Starting Asynchronous operation on sound 0000024FF50B0A28
[LOG] SystemI::createSoundInternal             :     Create name='FMOD190Project\jam190\Build\Desktop/Master.bank', mode=0x02010082
[LOG] SystemI::createSoundInternal             :     exinfo->cbsize             = 224
[LOG] SystemI::createSoundInternal             :     exinfo->length             = 2899968
[LOG] SystemI::createSoundInternal             :     exinfo->fileoffset         = 28608
[LOG] SystemI::createSoundInternal             :     exinfo->numsubsounds       = 1
[LOG] SystemI::createSoundInternal             :     exinfo->inclusionlist      = 0000024FAA5CE970
[LOG] SystemI::createSoundInternal             :     exinfo->inclusionlistnum   = 1
[LOG] SystemI::createSoundInternal             :     exinfo->suggestedsoundtype = 5
[LOG] SystemI::createSoundInternal             :     exinfo->initialseekpostype = 1
[LOG] SystemI::createSoundInternal             :     Stream 0/1: name='SFX_WoodSurface_loop', format=5, channels=2, frequency=48000, lengthbytes=163968, lengthpcm=828000, pcmblocksize=0, loopstart=0, loopend=0, mode=0x00000000, channelmask=0x00000000, channelorder=0, peakvolume=0.126559.
[LOG] AsyncThread::threadFunc                  : Finished Asynchronous operation on sound 0000024FF50B0A28
[LOG] SoundI::release                          : SFX_WoodSurface_loop (0000024F606C2928)
[LOG] SoundI::release                          :     SFX_WoodSurface_loop (0000024FA85882D8)
[LOG] SoundI::release                          :     SFX_WoodSurface_loop (0000024FF50AFCA8)
[LOG] SystemI::createSound                     : filename = FMOD190Project\jam190\Build\Desktop/Master.bank : mode 02010082
[LOG] SystemI::createSound                     : FMOD_NONBLOCKING specified.  Putting into queue to be opened asynchronously!
[LOG] SystemI::createSound                     : setdata soundi = 0000024F606C2418 : node = 0000024FAA5CE5E0
[LOG] SystemI::createSound                     : add node to async list : head = 0000025040234008.  list count = 0
[LOG] AsyncThread::threadFunc                  : Starting Asynchronous operation on sound 0000024F606C2418
[LOG] SystemI::createSoundInternal             :     Create name='FMOD190Project\jam190\Build\Desktop/Master.bank', mode=0x02010082
[LOG] SystemI::createSoundInternal             :     exinfo->cbsize             = 224
[LOG] SystemI::createSoundInternal             :     exinfo->length             = 2899968
[LOG] SystemI::createSoundInternal             :     exinfo->fileoffset         = 28608
[LOG] SystemI::createSoundInternal             :     exinfo->numsubsounds       = 1
[LOG] SystemI::createSoundInternal             :     exinfo->inclusionlist      = 0000024FAA5CE6F0
[LOG] SystemI::createSoundInternal             :     exinfo->inclusionlistnum   = 1
[LOG] SystemI::createSoundInternal             :     exinfo->suggestedsoundtype = 5
[LOG] SystemI::createSoundInternal             :     exinfo->initialseekpostype = 1
[LOG] SystemI::createSoundInternal             :     Stream 0/1: name='SFX_WoodSurface_loop', format=5, channels=2, frequency=48000, lengthbytes=163968, lengthpcm=828000, pcmblocksize=0, loopstart=0, loopend=0, mode=0x00000000, channelmask=0x00000000, channelorder=0, peakvolume=0.126559.
[LOG] AsyncThread::threadFunc                  : Finished Asynchronous operation on sound 0000024F606C2418
[LOG] Manager::readBank                        : fileversion = 135, compatVersion = 132 (oldest = 44, newest = 135)
[LOG] SoundI::release                          : SFX_WoodSurface_loop (0000024FF50B0A28)
[LOG] SoundI::release                          :     SFX_WoodSurface_loop (0000024FA85870F8)
[LOG] SoundI::release                          :     SFX_WoodSurface_loop (0000024FB0623948)
[LOG] SystemI::createSound                     : filename = FMOD190Project\jam190\Build\Desktop/Master.bank : mode 02010082
[LOG] SystemI::createSound                     : FMOD_NONBLOCKING specified.  Putting into queue to be opened asynchronously!
[LOG] SystemI::createSound                     : setdata soundi = 0000024FF50B06C8 : node = 0000024F611754E0
[LOG] SystemI::createSound                     : add node to async list : head = 0000025040234008.  list count = 0
[LOG] AsyncThread::threadFunc                  : Starting Asynchronous operation on sound 0000024FF50B06C8
[LOG] SystemI::createSoundInternal             :     Create name='FMOD190Project\jam190\Build\Desktop/Master.bank', mode=0x02010082
[LOG] SystemI::createSoundInternal             :     exinfo->cbsize             = 224
[LOG] SystemI::createSoundInternal             :     exinfo->length             = 2899968
[LOG] SystemI::createSoundInternal             :     exinfo->fileoffset         = 28608
[LOG] SystemI::createSoundInternal             :     exinfo->numsubsounds       = 1
[LOG] SystemI::createSoundInternal             :     exinfo->inclusionlist      = 0000024F611755F0
[LOG] SystemI::createSoundInternal             :     exinfo->inclusionlistnum   = 1
[LOG] SystemI::createSoundInternal             :     exinfo->suggestedsoundtype = 5
[LOG] SystemI::createSoundInternal             :     exinfo->initialseekpostype = 1
[LOG] SystemI::createSoundInternal             :     Stream 0/1: name='SFX_WoodSurface_loop', format=5, channels=2, frequency=48000, lengthbytes=163968, lengthpcm=828000, pcmblocksize=0, loopstart=0, loopend=0, mode=0x00000000, channelmask=0x00000000, channelorder=0, peakvolume=0.126559.
[LOG] AsyncThread::threadFunc                  : Finished Asynchronous operation on sound 0000024FF50B06C8
[LOG] SoundI::release                          : SFX_WoodSurface_loop (0000024F606C2418)
[LOG] SoundI::release                          :     SFX_WoodSurface_loop (0000024FA85882D8)
[LOG] SoundI::release                          :     SFX_WoodSurface_loop (0000024F606C20B8)
[LOG] SystemI::createSound                     : filename = FMOD190Project\jam190\Build\Desktop/Master.bank : mode 02010082
[LOG] SystemI::createSound                     : FMOD_NONBLOCKING specified.  Putting into queue to be opened asynchronously!
[LOG] SystemI::createSound                     : setdata soundi = 0000024FB0623948 : node = 0000024F61175B20
[LOG] SystemI::createSound                     : add node to async list : head = 0000025040234008.  list count = 0
[LOG] AsyncThread::threadFunc                  : Starting Asynchronous operation on sound 0000024FB0623948
[LOG] SystemI::createSoundInternal             :     Create name='FMOD190Project\jam190\Build\Desktop/Master.bank', mode=0x02010082
[LOG] SystemI::createSoundInternal             :     exinfo->cbsize             = 224
[LOG] SystemI::createSoundInternal             :     exinfo->length             = 2899968
[LOG] SystemI::createSoundInternal             :     exinfo->fileoffset         = 28608
[LOG] SystemI::createSoundInternal             :     exinfo->numsubsounds       = 1
[LOG] SystemI::createSoundInternal             :     exinfo->inclusionlist      = 0000024F61175C30
[LOG] SystemI::createSoundInternal             :     exinfo->inclusionlistnum   = 1
[LOG] SystemI::createSoundInternal             :     exinfo->suggestedsoundtype = 5
[LOG] SystemI::createSoundInternal             :     exinfo->initialseekpostype = 1
[LOG] SystemI::createSoundInternal             :     Stream 0/1: name='SFX_WoodSurface_loop', format=5, channels=2, frequency=48000, lengthbytes=163968, lengthpcm=828000, pcmblocksize=0, loopstart=0, loopend=0, mode=0x00000000, channelmask=0x00000000, channelorder=0, peakvolume=0.126559.
[LOG] AsyncThread::threadFunc                  : Finished Asynchronous operation on sound 0000024FB0623948
[LOG] SoundI::release                          : SFX_WoodSurface_loop (0000024FF50B06C8)
[LOG] SoundI::release                          :     SFX_WoodSurface_loop (0000024FA85870F8)
[LOG] SoundI::release                          :     SFX_WoodSurface_loop (0000024FF50B0008)
[LOG] SystemI::createSound                     : filename = FMOD190Project\jam190\Build\Desktop/Master.bank : mode 02010082
[LOG] SystemI::createSound                     : FMOD_NONBLOCKING specified.  Putting into queue to be opened asynchronously!
[LOG] SystemI::createSound                     : setdata soundi = 0000024FF50AFCA8 : node = 0000024FAA5CE5E0
[LOG] SystemI::createSound                     : add node to async list : head = 0000025040234008.  list count = 0
[LOG] AsyncThread::threadFunc                  : Starting Asynchronous operation on sound 0000024FF50AFCA8
[LOG] SystemI::createSoundInternal             :     Create name='FMOD190Project\jam190\Build\Desktop/Master.bank', mode=0x02010082
[LOG] SystemI::createSoundInternal             :     exinfo->cbsize             = 224
[LOG] SystemI::createSoundInternal             :     exinfo->length             = 2899968
[LOG] SystemI::createSoundInternal             :     exinfo->fileoffset         = 28608
[LOG] SystemI::createSoundInternal             :     exinfo->numsubsounds       = 1
[LOG] SystemI::createSoundInternal             :     exinfo->inclusionlist      = 0000024FAA5CE6F0
[LOG] SystemI::createSoundInternal             :     exinfo->inclusionlistnum   = 1
[LOG] SystemI::createSoundInternal             :     exinfo->suggestedsoundtype = 5
[LOG] SystemI::createSoundInternal             :     exinfo->initialseekpostype = 1
[LOG] SystemI::createSoundInternal             :     Stream 0/1: name='SFX_WoodSurface_loop', format=5, channels=2, frequency=48000, lengthbytes=163968, lengthpcm=828000, pcmblocksize=0, loopstart=0, loopend=0, mode=0x00000000, channelmask=0x00000000, channelorder=0, peakvolume=0.126559.
[LOG] AsyncThread::threadFunc                  : Finished Asynchronous operation on sound 0000024FF50AFCA8
[LOG] SoundI::release                          : SFX_WoodSurface_loop (0000024FB0623948)
[LOG] SoundI::release                          :     SFX_WoodSurface_loop (0000024FA85882D8)
[LOG] SoundI::release                          :     SFX_WoodSurface_loop (0000024FB0623CA8)
[LOG] SystemI::createSound                     : filename = FMOD190Project\jam190\Build\Desktop/Master.bank : mode 02010082
[LOG] SystemI::createSound                     : FMOD_NONBLOCKING specified.  Putting into queue to be opened asynchronously!
[LOG] SystemI::createSound                     : setdata soundi = 0000024F606C2928 : node = 0000024F61175B20
[LOG] SystemI::createSound                     : add node to async list : head = 0000025040234008.  list count = 0
[LOG] AsyncThread::threadFunc                  : Starting Asynchronous operation on sound 0000024F606C2928
[LOG] SystemI::createSoundInternal             :     Create name='FMOD190Project\jam190\Build\Desktop/Master.bank', mode=0x02010082
[LOG] SystemI::createSoundInternal             :     exinfo->cbsize             = 224
[LOG] SystemI::createSoundInternal             :     exinfo->length             = 2899968
[LOG] SystemI::createSoundInternal             :     exinfo->fileoffset         = 28608
[LOG] SystemI::createSoundInternal             :     exinfo->numsubsounds       = 1
[LOG] SystemI::createSoundInternal             :     exinfo->inclusionlist      = 0000024F61175C30
[LOG] SystemI::createSoundInternal             :     exinfo->inclusionlistnum   = 1
[LOG] SystemI::createSoundInternal             :     exinfo->suggestedsoundtype = 5
[LOG] SystemI::createSoundInternal             :     exinfo->initialseekpostype = 1
[LOG] SystemI::createSoundInternal             :     Stream 0/1: name='SFX_WoodSurface_loop', format=5, channels=2, frequency=48000, lengthbytes=163968, lengthpcm=828000, pcmblocksize=0, loopstart=0, loopend=0, mode=0x00000000, channelmask=0x00000000, channelorder=0, peakvolume=0.126559.
[LOG] AsyncThread::threadFunc                  : Finished Asynchronous operation on sound 0000024F606C2928
[LOG] SoundI::release                          : SFX_WoodSurface_loop (0000024FF50AFCA8)
[LOG] SoundI::release                          :     SFX_WoodSurface_loop (0000024FA858A9D8)
[LOG] SoundI::release                          :     SFX_WoodSurface_loop (0000024FF50B0A28)
[LOG] SystemI::createSound                     : filename = FMOD190Project\jam190\Build\Desktop/Master.bank : mode 02010082
[LOG] SystemI::createSound                     : FMOD_NONBLOCKING specified.  Putting into queue to be opened asynchronously!
[LOG] SystemI::createSound                     : setdata soundi = 0000024FB0623E58 : node = 0000024F611754E0
[LOG] SystemI::createSound                     : add node to async list : head = 0000025040234008.  list count = 0
[LOG] AsyncThread::threadFunc                  : Starting Asynchronous operation on sound 0000024FB0623E58
[LOG] SystemI::createSoundInternal             :     Create name='FMOD190Project\jam190\Build\Desktop/Master.bank', mode=0x02010082
[LOG] SystemI::createSoundInternal             :     exinfo->cbsize             = 224
[LOG] SystemI::createSoundInternal             :     exinfo->length             = 2899968
[LOG] SystemI::createSoundInternal             :     exinfo->fileoffset         = 28608
[LOG] SystemI::createSoundInternal             :     exinfo->numsubsounds       = 1
[LOG] SystemI::createSoundInternal             :     exinfo->inclusionlist      = 0000024F611755F0
[LOG] SystemI::createSoundInternal             :     exinfo->inclusionlistnum   = 1
[LOG] SystemI::createSoundInternal             :     exinfo->suggestedsoundtype = 5
[LOG] SystemI::createSoundInternal             :     exinfo->initialseekpostype = 1
[LOG] SystemI::createSoundInternal             :     Stream 0/1: name='SFX_WoodSurface_loop', format=5, channels=2, frequency=48000, lengthbytes=163968, lengthpcm=828000, pcmblocksize=0, loopstart=0, loopend=0, mode=0x00000000, channelmask=0x00000000, channelorder=0, peakvolume=0.126559.
[LOG] AsyncThread::threadFunc                  : Finished Asynchronous operation on sound 0000024FB0623E58
[LOG] SoundI::release                          : SFX_WoodSurface_loop (0000024F606C2928)
[LOG] SoundI::release                          :     SFX_WoodSurface_loop (0000024FA85870F8)
[LOG] SoundI::release                          :     SFX_WoodSurface_loop (0000024FB0622F28)
[LOG] SystemI::createSound                     : filename = FMOD190Project\jam190\Build\Desktop/Master.bank : mode 02010082
[LOG] SystemI::createSound                     : FMOD_NONBLOCKING specified.  Putting into queue to be opened asynchronously!
[LOG] SystemI::createSound                     : setdata soundi = 0000024F606C2928 : node = 0000024FB383AF00
[LOG] SystemI::createSound                     : add node to async list : head = 0000025040234008.  list count = 0
[LOG] AsyncThread::threadFunc                  : Starting Asynchronous operation on sound 0000024F606C2928
[LOG] SystemI::createSoundInternal             :     Create name='FMOD190Project\jam190\Build\Desktop/Master.bank', mode=0x02010082
[LOG] SystemI::createSoundInternal             :     exinfo->cbsize             = 224
[LOG] SystemI::createSoundInternal             :     exinfo->length             = 2899968
[LOG] SystemI::createSoundInternal             :     exinfo->fileoffset         = 28608
[LOG] SystemI::createSoundInternal             :     exinfo->numsubsounds       = 1
[LOG] SystemI::createSoundInternal             :     exinfo->inclusionlist      = 0000024FB383B010
[LOG] SystemI::createSoundInternal             :     exinfo->inclusionlistnum   = 1
[LOG] SystemI::createSoundInternal             :     exinfo->suggestedsoundtype = 5
[LOG] SystemI::createSoundInternal             :     exinfo->initialseekpostype = 1
[LOG] SystemI::createSoundInternal             :     Stream 0/1: name='SFX_WoodSurface_loop', format=5, channels=2, frequency=48000, lengthbytes=163968, lengthpcm=828000, pcmblocksize=0, loopstart=0, loopend=0, mode=0x00000000, channelmask=0x00000000, channelorder=0, peakvolume=0.126559.
[LOG] AsyncThread::threadFunc                  : Finished Asynchronous operation on sound 0000024F606C2928
[LOG] SoundI::release                          : SFX_WoodSurface_loop (0000024F606C2928)
[LOG] SoundI::release                          :     SFX_WoodSurface_loop (0000024FA858A9D8)
[LOG] SoundI::release                          :     SFX_WoodSurface_loop (0000024F606C2418)
[LOG] SoundI::release                          : MUSIC_Main_intro (0000024FF5073C78)
[LOG] SoundI::release                          :     MUSIC_Main_intro (0000024FA8586598)
[LOG] SoundI::release                          :     MUSIC_Main_intro (0000024FF5073FD8)
[LOG] SoundI::release                          : SFX_WoodSurface_loop (0000024FB0623E58)
[LOG] SoundI::release                          :     SFX_WoodSurface_loop (0000024FA8588E38)
[LOG] SoundI::release                          :     SFX_WoodSurface_loop (0000024FF50AFCA8)
[LOG] SoundI::release                          :  (000002503E84E8A8)
[LOG] SoundI::release                          :     SFX_BallRoll_loop (0000024FA8587298)
[LOG] SoundI::release                          :  (0000024FF56A8628)
[LOG] SoundI::release                          :     fan_ceiling_02_running_loop (0000024FA8585898)
[LOG] SoundI::release                          :  (0000024FF56A9A48)
[LOG] SoundI::release                          :     SFX_Clicks&clacks_METAL_1 (0000024FA8589658)
[LOG] SoundI::release                          :  (0000024FF56A8798)
[LOG] SoundI::release                          :     SFX_Clicks&clacks_METAL_2 (0000024FA8586738)
[LOG] SoundI::release                          :  (0000024FF56A77C8)
[LOG] SoundI::release                          :     SFX_Clicks&clacks_METAL_3 (0000024FA8588958)
[LOG] SoundI::release                          :  (000002503E84F2B8)
[LOG] SoundI::release                          :     SFX_Clicks&clacks_METAL_4 (0000024FA858A1B8)
[LOG] SoundI::release                          :  (0000024FD3AA8648)
[LOG] SoundI::release                          :     SFX_Clicks&clacks_METAL_5 (0000024FA85856F8)
[LOG] SoundI::release                          :  (0000024FF56A9BB8)
[LOG] SoundI::release                          :     SFX_Clicks&clacks_METAL_6 (0000024FA858A018)
[LOG] SoundI::release                          :  (0000024FD3AA9338)
[LOG] SoundI::release                          :     SFX_Clicks&clacks_METAL_7 (0000024FA85887B8)
[LOG] SoundI::release                          :  (0000024FD3AA8088)
[LOG] SoundI::release                          :     SFX_Clicks&clacks_METAL_8 (0000024FA8588478)
[LOG] SoundI::release                          :  (0000024FF56A7C18)
[LOG] SoundI::release                          :     SFX_Clicks&clacks_METAL_9 (0000024FA8585A38)
[LOG] SoundI::release                          :  (0000024FD3AA84D8)
[LOG] SoundI::release                          :     SFX_Clicks&clacks_WOOD_1 (0000024FA8585558)
[LOG] SoundI::release                          :  (000002503E84EFD8)
[LOG] SoundI::release                          :     SFX_Clicks&clacks_WOOD_2 (0000024FA8586DB8)
[LOG] SoundI::release                          :  (0000024FF56A9488)
[LOG] SoundI::release                          :     SFX_Clicks&clacks_WOOD_3 (0000024FA858A4F8)
[LOG] SoundI::release                          :  (0000024FF56A8EC8)
[LOG] SoundI::release                          :     SFX_Clicks&clacks_WOOD_4 (0000024FA85853B8)
[LOG] SoundI::release                          :  (000002503E84BC18)
[LOG] SoundI::release                          :     SFX_Clicks&clacks_WOOD_5 (0000024FA858A698)
[LOG] SoundI::release                          :  (0000024FF56A74E8)
[LOG] SoundI::release                          :     SFX_Clicks&clacks_WOOD_6 (0000024FA8585078)
[LOG] SoundI::release                          :  (0000024FF56A7AA8)
[LOG] SoundI::release                          :     SFX_Clicks&clacks_WOOD_7 (0000024FA8589178)
[LOG] SoundI::release                          :  (0000024FD3AA9EB8)
[LOG] SoundI::release                          :     SFX_Clicks&clacks_WOOD_8 (0000024FA8586258)
[LOG] SoundI::release                          :  (0000024FF56A84B8)
[LOG] SoundI::release                          :     SFX_Clicks&clacks_WOOD_9 (0000024FA85875D8)
[LOG] Thread::callback                         : FMOD Studio update thread finished.
[LOG] Thread::callback                         : FMOD Studio bank load thread finished.
[LOG] ProfileClient::markForDead               : Closing client connection
[LOG] Profile::disconnectAll                   : Profiler disconnecting all clients
[LOG] FMOD_OS_Net_Read                         : Interrupted.[LOG] ProfileClient::recvThreadLoopFunction    : Socket disconnected
[LOG] Thread::callback                         : FMOD profiler thread (send) finished.
[LOG] Thread::callback                         : FMOD profiler thread (recv) finished.
[LOG] Thread::callback                         : FMOD Studio sample load thread finished.
[LOG] LiveUpdate::release                      : 
[LOG] LiveUpdate::reset                        : Reset connection (reason Disconnected)
[LOG] Thread::callback                         : FMOD stream thread finished.
[LOG] Thread::callback                         : FMOD mixer thread finished.
[LOG] Profile::disconnectAll                   : Profiler disconnecting all clients
[LOG] SystemI::close                           : Closed.
[LOG] Manager::readBank                        : fileversion = 135, compatVersion = 132 (oldest = 44, newest = 135)
[LOG] Manager::readBank                        : fileversion = 135, compatVersion = 132 (oldest = 44, newest = 135)
[LOG] Manager::readBank                        : fileversion = 135, compatVersion = 132 (oldest = 44, newest = 135)
[LOG] Manager::readBank                        : fileversion = 135, compatVersion = 132 (oldest = 44, newest = 135)
[LOG] Manager::readBank                        : fileversion = 135, compatVersion = 132 (oldest = 44, newest = 135)
[LOG] Manager::readBank                        : fileversion = 135, compatVersion = 132 (oldest = 44, newest = 135)
[LOG] PlaybackSystem::acquireMasterBus         : Setting master channel group format to 6
[LOG] Manager::readBank                        : fileversion = 135, compatVersion = 132 (oldest = 44, newest = 135)
[LOG] Thread::callback                         : FMOD Studio bank load thread finished.
[LOG] Thread::callback                         : FMOD Studio sample load thread finished.
[LOG] LiveUpdate::release                      : 
[LOG] LiveUpdate::reset                        : Reset connection (reason Disconnected)
[LOG] Thread::callback                         : FMOD stream thread finished.
[LOG] Thread::callback                         : FMOD mixer thread finished.
[LOG] SystemI::close                           : Closed.
[LOG] Thread::callback                         : FMOD nonblocking thread (0) finished.
[LOG] Thread::callback                         : FMOD file thread finished.
